<?xml version="1.0" encoding="UTF-8" ?>
<testsuite 
errors="0" failures="0" hostname="dev-Qosmio-X70-A" name="dev.KDropSC_spec" tests="8" time="0.497" timestamp="2015-07-02T00:30:00">
  <properties>
[...]
</properties>
  <testcase 
  name="readKernels should read my config file" classname="dev.KDropSC_spec" time="0.021">
</testcase>
  <testcase 
  name="readKernels should get platform and devices" classname="dev.KDropSC_spec" time="0.0">
    <skipped/>
</testcase>
  <testcase 
  name="readKernels should JCudaVectorAddKernel" classname="dev.KDropSC_spec" time="0.072">
</testcase>
  <testcase 
  name="readKernels should JCudaMatrixSharedMemKernel" classname="dev.KDropSC_spec" time="0.026">
</testcase>
  <testcase 
  name="readKernels should TestBlockSync" classname="dev.KDropSC_spec" time="0.018">
</testcase>
  <testcase 
  name="readKernels should PreSum" classname="dev.KDropSC_spec" time="0.056">
</testcase>
  <testcase 
  name="readKernels should Neural Net" classname="dev.KDropSC_spec" time="0.153">
</testcase>
  <testcase 
  name="readKernels should RunNNSimple" classname="dev.KDropSC_spec" time="0.135">
</testcase>
  <system-out><![CDATA[]]></system-out>
  <system-err><![CDATA[]]></system-err>
</testsuite>
